1601728718726	mozrunner::runner	INFO	Running command: "/usr/bin/firefox" "-marionette" "-headless" "-foreground" "-no-remote" "-profile" "/tmp/rust_mozprofile6uWfh6"
*** You are running in headless mode.
console.error: SearchCache: "_readCacheFile: Error reading cache file:" (new Error("", "(unknown module)"))
1601728721750	Marionette	INFO	Listening on port 40589
1601728721834	Marionette	WARN	TLS certificate errors will be ignored for this session
1601728761126	mozrunner::runner	INFO	Running command: "/usr/bin/firefox" "-marionette" "-headless" "-foreground" "-no-remote" "-profile" "/tmp/rust_mozprofile7YSaOc"
*** You are running in headless mode.
console.error: SearchCache: "_readCacheFile: Error reading cache file:" (new Error("", "(unknown module)"))
1601728764549	Marionette	INFO	Listening on port 38653
1601728764633	Marionette	WARN	TLS certificate errors will be ignored for this session
1601728803061	mozrunner::runner	INFO	Running command: "/usr/bin/firefox" "-marionette" "-headless" "-foreground" "-no-remote" "-profile" "/tmp/rust_mozprofile3F3lOE"
*** You are running in headless mode.
console.error: SearchCache: "_readCacheFile: Error reading cache file:" (new Error("", "(unknown module)"))
1601728806504	Marionette	INFO	Listening on port 36797
1601728806572	Marionette	WARN	TLS certificate errors will be ignored for this session
1601728865715	mozrunner::runner	INFO	Running command: "/usr/bin/firefox" "-marionette" "-headless" "-foreground" "-no-remote" "-profile" "/tmp/rust_mozprofileE5gJkt"
*** You are running in headless mode.
console.error: SearchCache: "_readCacheFile: Error reading cache file:" (new Error("", "(unknown module)"))
1601728869000	Marionette	INFO	Listening on port 45121
1601728869023	Marionette	WARN	TLS certificate errors will be ignored for this session
1601728915389	mozrunner::runner	INFO	Running command: "/usr/bin/firefox" "-marionette" "-headless" "-foreground" "-no-remote" "-profile" "/tmp/rust_mozprofile2WF6JM"
*** You are running in headless mode.
console.error: SearchCache: "_readCacheFile: Error reading cache file:" (new Error("", "(unknown module)"))
1601728918671	Marionette	INFO	Listening on port 33399
1601728918697	Marionette	WARN	TLS certificate errors will be ignored for this session
1601728963603	mozrunner::runner	INFO	Running command: "/usr/bin/firefox" "-marionette" "-headless" "-foreground" "-no-remote" "-profile" "/tmp/rust_mozprofile2wp5LL"
*** You are running in headless mode.
console.error: SearchCache: "_readCacheFile: Error reading cache file:" (new Error("", "(unknown module)"))
1601728966664	Marionette	INFO	Listening on port 44043
1601728966735	Marionette	WARN	TLS certificate errors will be ignored for this session
1601883921107	mozrunner::runner	INFO	Running command: "/usr/bin/firefox" "-marionette" "-headless" "-foreground" "-no-remote" "-profile" "/tmp/rust_mozprofilevtRX5u"
*** You are running in headless mode.
console.error: SearchCache: "_readCacheFile: Error reading cache file:" (new Error("", "(unknown module)"))
1601883925256	Marionette	INFO	Listening on port 46529
1601883925333	Marionette	WARN	TLS certificate errors will be ignored for this session
1601883964728	mozrunner::runner	INFO	Running command: "/usr/bin/firefox" "-marionette" "-headless" "-foreground" "-no-remote" "-profile" "/tmp/rust_mozprofilemAeT78"
*** You are running in headless mode.
console.error: SearchCache: "_readCacheFile: Error reading cache file:" (new Error("", "(unknown module)"))
1601883967905	Marionette	INFO	Listening on port 44627
1601883967935	Marionette	WARN	TLS certificate errors will be ignored for this session
1601884013521	mozrunner::runner	INFO	Running command: "/usr/bin/firefox" "-marionette" "-headless" "-foreground" "-no-remote" "-profile" "/tmp/rust_mozprofileVghA5J"
*** You are running in headless mode.
console.error: SearchCache: "_readCacheFile: Error reading cache file:" (new Error("", "(unknown module)"))
1601884016687	Marionette	INFO	Listening on port 44221
1601884016730	Marionette	WARN	TLS certificate errors will be ignored for this session
1601884117325	mozrunner::runner	INFO	Running command: "/usr/bin/firefox" "-marionette" "-headless" "-foreground" "-no-remote" "-profile" "/tmp/rust_mozprofile1hmpPA"
*** You are running in headless mode.
console.error: SearchCache: "_readCacheFile: Error reading cache file:" (new Error("", "(unknown module)"))
1601884120590	Marionette	INFO	Listening on port 43283
1601884120634	Marionette	WARN	TLS certificate errors will be ignored for this session
1601884147618	mozrunner::runner	INFO	Running command: "/usr/bin/firefox" "-marionette" "-headless" "-foreground" "-no-remote" "-profile" "/tmp/rust_mozprofileK29T1R"
*** You are running in headless mode.
console.error: SearchCache: "_readCacheFile: Error reading cache file:" (new Error("", "(unknown module)"))
1601884150991	Marionette	INFO	Listening on port 46577
1601884151028	Marionette	WARN	TLS certificate errors will be ignored for this session
1601884190452	mozrunner::runner	INFO	Running command: "/usr/bin/firefox" "-marionette" "-headless" "-foreground" "-no-remote" "-profile" "/tmp/rust_mozprofileGFluwu"
*** You are running in headless mode.
console.error: SearchCache: "_readCacheFile: Error reading cache file:" (new Error("", "(unknown module)"))
1601884193927	Marionette	INFO	Listening on port 37567
1601884193960	Marionette	WARN	TLS certificate errors will be ignored for this session
1601884229083	mozrunner::runner	INFO	Running command: "/usr/bin/firefox" "-marionette" "-headless" "-foreground" "-no-remote" "-profile" "/tmp/rust_mozprofileexL16z"
*** You are running in headless mode.
console.error: SearchCache: "_readCacheFile: Error reading cache file:" (new Error("", "(unknown module)"))
1601884232316	Marionette	INFO	Listening on port 41545
1601884232392	Marionette	WARN	TLS certificate errors will be ignored for this session
1601884281193	mozrunner::runner	INFO	Running command: "/usr/bin/firefox" "-marionette" "-headless" "-foreground" "-no-remote" "-profile" "/tmp/rust_mozprofileI9VZux"
*** You are running in headless mode.
console.error: SearchCache: "_readCacheFile: Error reading cache file:" (new Error("", "(unknown module)"))
1601884284451	Marionette	INFO	Listening on port 42773
1601884284502	Marionette	WARN	TLS certificate errors will be ignored for this session
1601884378289	mozrunner::runner	INFO	Running command: "/usr/bin/firefox" "-marionette" "-headless" "-foreground" "-no-remote" "-profile" "/tmp/rust_mozprofilemXEAgG"
*** You are running in headless mode.
console.error: SearchCache: "_readCacheFile: Error reading cache file:" (new Error("", "(unknown module)"))
1601884381602	Marionette	INFO	Listening on port 40169
1601884381700	Marionette	WARN	TLS certificate errors will be ignored for this session
1601884409717	mozrunner::runner	INFO	Running command: "/usr/bin/firefox" "-marionette" "-headless" "-foreground" "-no-remote" "-profile" "/tmp/rust_mozprofileTXzM6z"
*** You are running in headless mode.
console.error: SearchCache: "_readCacheFile: Error reading cache file:" (new Error("", "(unknown module)"))
1601884412893	Marionette	INFO	Listening on port 41695
1601884412925	Marionette	WARN	TLS certificate errors will be ignored for this session
1601884547032	mozrunner::runner	INFO	Running command: "/usr/bin/firefox" "-marionette" "-headless" "-foreground" "-no-remote" "-profile" "/tmp/rust_mozprofileUFup0Z"
*** You are running in headless mode.
console.error: SearchCache: "_readCacheFile: Error reading cache file:" (new Error("", "(unknown module)"))
1601884550368	Marionette	INFO	Listening on port 39713
1601884550447	Marionette	WARN	TLS certificate errors will be ignored for this session
1601884583230	mozrunner::runner	INFO	Running command: "/usr/bin/firefox" "-marionette" "-headless" "-foreground" "-no-remote" "-profile" "/tmp/rust_mozprofile2sv5SU"
*** You are running in headless mode.
console.error: SearchCache: "_readCacheFile: Error reading cache file:" (new Error("", "(unknown module)"))
1601884586140	Marionette	INFO	Listening on port 41893
1601884586240	Marionette	WARN	TLS certificate errors will be ignored for this session
1601884618527	mozrunner::runner	INFO	Running command: "/usr/bin/firefox" "-marionette" "-headless" "-foreground" "-no-remote" "-profile" "/tmp/rust_mozprofilezraZ6s"
*** You are running in headless mode.
console.error: SearchCache: "_readCacheFile: Error reading cache file:" (new Error("", "(unknown module)"))
1601884622269	Marionette	INFO	Listening on port 35197
1601884622335	Marionette	WARN	TLS certificate errors will be ignored for this session
1601884660591	mozrunner::runner	INFO	Running command: "/usr/bin/firefox" "-marionette" "-headless" "-foreground" "-no-remote" "-profile" "/tmp/rust_mozprofileKHBSkO"
*** You are running in headless mode.
console.error: SearchCache: "_readCacheFile: Error reading cache file:" (new Error("", "(unknown module)"))
1601884663748	Marionette	INFO	Listening on port 33869
1601884663822	Marionette	WARN	TLS certificate errors will be ignored for this session
1601885865426	mozrunner::runner	INFO	Running command: "/usr/bin/firefox" "-marionette" "-headless" "-foreground" "-no-remote" "-profile" "/tmp/rust_mozprofilePmA6ew"
*** You are running in headless mode.
console.error: SearchCache: "_readCacheFile: Error reading cache file:" (new Error("", "(unknown module)"))
1601885868327	Marionette	INFO	Listening on port 45529
1601885868401	Marionette	WARN	TLS certificate errors will be ignored for this session
1601885910169	mozrunner::runner	INFO	Running command: "/usr/bin/firefox" "-marionette" "-headless" "-foreground" "-no-remote" "-profile" "/tmp/rust_mozprofilep3zv4x"
*** You are running in headless mode.
console.error: SearchCache: "_readCacheFile: Error reading cache file:" (new Error("", "(unknown module)"))
1601885912914	Marionette	INFO	Listening on port 44521
1601885912977	Marionette	WARN	TLS certificate errors will be ignored for this session
1601885955028	mozrunner::runner	INFO	Running command: "/usr/bin/firefox" "-marionette" "-headless" "-foreground" "-no-remote" "-profile" "/tmp/rust_mozprofileDKPiyt"
*** You are running in headless mode.
console.error: SearchCache: "_readCacheFile: Error reading cache file:" (new Error("", "(unknown module)"))
1601885958016	Marionette	INFO	Listening on port 35325
1601885958039	Marionette	WARN	TLS certificate errors will be ignored for this session
1601886105108	mozrunner::runner	INFO	Running command: "/usr/bin/firefox" "-marionette" "-headless" "-foreground" "-no-remote" "-profile" "/tmp/rust_mozprofileVtoWSI"
*** You are running in headless mode.
console.error: SearchCache: "_readCacheFile: Error reading cache file:" (new Error("", "(unknown module)"))
1601886109734	Marionette	INFO	Listening on port 40293
1601886109828	Marionette	WARN	TLS certificate errors will be ignored for this session
1601886166384	mozrunner::runner	INFO	Running command: "/usr/bin/firefox" "-marionette" "-headless" "-foreground" "-no-remote" "-profile" "/tmp/rust_mozprofileQEDN0k"
*** You are running in headless mode.
console.error: SearchCache: "_readCacheFile: Error reading cache file:" (new Error("", "(unknown module)"))
1601886169540	Marionette	INFO	Listening on port 41255
1601886169592	Marionette	WARN	TLS certificate errors will be ignored for this session
1601886213427	mozrunner::runner	INFO	Running command: "/usr/bin/firefox" "-marionette" "-headless" "-foreground" "-no-remote" "-profile" "/tmp/rust_mozprofileP7wnXM"
*** You are running in headless mode.
console.error: SearchCache: "_readCacheFile: Error reading cache file:" (new Error("", "(unknown module)"))
1601886216731	Marionette	INFO	Listening on port 35773
1601886216736	Marionette	WARN	TLS certificate errors will be ignored for this session
1601886254795	mozrunner::runner	INFO	Running command: "/usr/bin/firefox" "-marionette" "-headless" "-foreground" "-no-remote" "-profile" "/tmp/rust_mozprofile604AfI"
*** You are running in headless mode.
console.error: SearchCache: "_readCacheFile: Error reading cache file:" (new Error("", "(unknown module)"))
1601886258042	Marionette	INFO	Listening on port 42157
1601886258109	Marionette	WARN	TLS certificate errors will be ignored for this session
1601886297624	mozrunner::runner	INFO	Running command: "/usr/bin/firefox" "-marionette" "-headless" "-foreground" "-no-remote" "-profile" "/tmp/rust_mozprofileyNPHXz"
*** You are running in headless mode.
console.error: SearchCache: "_readCacheFile: Error reading cache file:" (new Error("", "(unknown module)"))
1601886300738	Marionette	INFO	Listening on port 40767
1601886300833	Marionette	WARN	TLS certificate errors will be ignored for this session
1601886441698	mozrunner::runner	INFO	Running command: "/usr/bin/firefox" "-marionette" "-headless" "-foreground" "-no-remote" "-profile" "/tmp/rust_mozprofilebK6dQg"
*** You are running in headless mode.
console.error: SearchCache: "_readCacheFile: Error reading cache file:" (new Error("", "(unknown module)"))
1601886446019	Marionette	INFO	Listening on port 43469
1601886446109	Marionette	WARN	TLS certificate errors will be ignored for this session
1601886495156	mozrunner::runner	INFO	Running command: "/usr/bin/firefox" "-marionette" "-headless" "-foreground" "-no-remote" "-profile" "/tmp/rust_mozprofileu1zy1S"
*** You are running in headless mode.
console.error: SearchCache: "_readCacheFile: Error reading cache file:" (new Error("", "(unknown module)"))
1601886499184	Marionette	INFO	Listening on port 42367
1601886499266	Marionette	WARN	TLS certificate errors will be ignored for this session
1601886538987	mozrunner::runner	INFO	Running command: "/usr/bin/firefox" "-marionette" "-headless" "-foreground" "-no-remote" "-profile" "/tmp/rust_mozprofileTdHjPO"
*** You are running in headless mode.
console.error: SearchCache: "_readCacheFile: Error reading cache file:" (new Error("", "(unknown module)"))
1601886542255	Marionette	INFO	Listening on port 37527
1601886542296	Marionette	WARN	TLS certificate errors will be ignored for this session
1601886587093	mozrunner::runner	INFO	Running command: "/usr/bin/firefox" "-marionette" "-headless" "-foreground" "-no-remote" "-profile" "/tmp/rust_mozprofileOmm61Z"
*** You are running in headless mode.
console.error: SearchCache: "_readCacheFile: Error reading cache file:" (new Error("", "(unknown module)"))
1601886590264	Marionette	INFO	Listening on port 36071
1601886590302	Marionette	WARN	TLS certificate errors will be ignored for this session
1601886629057	mozrunner::runner	INFO	Running command: "/usr/bin/firefox" "-marionette" "-headless" "-foreground" "-no-remote" "-profile" "/tmp/rust_mozprofileC1Pss0"
*** You are running in headless mode.
console.error: SearchCache: "_readCacheFile: Error reading cache file:" (new Error("", "(unknown module)"))
1601886632312	Marionette	INFO	Listening on port 36841
1601886632366	Marionette	WARN	TLS certificate errors will be ignored for this session
1601886690340	mozrunner::runner	INFO	Running command: "/usr/bin/firefox" "-marionette" "-headless" "-foreground" "-no-remote" "-profile" "/tmp/rust_mozprofileB7e2y3"
*** You are running in headless mode.
console.error: SearchCache: "_readCacheFile: Error reading cache file:" (new Error("", "(unknown module)"))
1601886694617	Marionette	INFO	Listening on port 44653
1601886694665	Marionette	WARN	TLS certificate errors will be ignored for this session
1601886755731	mozrunner::runner	INFO	Running command: "/usr/bin/firefox" "-marionette" "-headless" "-foreground" "-no-remote" "-profile" "/tmp/rust_mozprofileGFVn0f"
*** You are running in headless mode.
console.error: SearchCache: "_readCacheFile: Error reading cache file:" (new Error("", "(unknown module)"))
1601886758983	Marionette	INFO	Listening on port 39989
1601886759039	Marionette	WARN	TLS certificate errors will be ignored for this session
console.error: Region.jsm: "Error fetching region" (new AbortError("The operation was aborted. ", (void 0), 697))
console.error: Region.jsm: "Failed to fetch region" (new Error("NO_RESULT", "resource://gre/modules/Region.jsm", 351))
1601886806068	mozrunner::runner	INFO	Running command: "/usr/bin/firefox" "-marionette" "-headless" "-foreground" "-no-remote" "-profile" "/tmp/rust_mozprofile1BvBU3"
*** You are running in headless mode.
console.error: SearchCache: "_readCacheFile: Error reading cache file:" (new Error("", "(unknown module)"))
1601886809404	Marionette	INFO	Listening on port 33261
1601886809477	Marionette	WARN	TLS certificate errors will be ignored for this session
1601886913925	mozrunner::runner	INFO	Running command: "/usr/bin/firefox" "-marionette" "-headless" "-foreground" "-no-remote" "-profile" "/tmp/rust_mozprofiler2z2tz"
*** You are running in headless mode.
console.error: SearchCache: "_readCacheFile: Error reading cache file:" (new Error("", "(unknown module)"))
1601886930610	Marionette	INFO	Listening on port 36239
1601886930684	Marionette	WARN	TLS certificate errors will be ignored for this session
1601886984628	mozrunner::runner	INFO	Running command: "/usr/bin/firefox" "-marionette" "-headless" "-foreground" "-no-remote" "-profile" "/tmp/rust_mozprofileZd3sqH"
*** You are running in headless mode.
console.error: SearchCache: "_readCacheFile: Error reading cache file:" (new Error("", "(unknown module)"))
1601886988795	Marionette	INFO	Listening on port 40741
1601886988839	Marionette	WARN	TLS certificate errors will be ignored for this session
1601887043869	mozrunner::runner	INFO	Running command: "/usr/bin/firefox" "-marionette" "-headless" "-foreground" "-no-remote" "-profile" "/tmp/rust_mozprofileutvFIx"
*** You are running in headless mode.
console.error: SearchCache: "_readCacheFile: Error reading cache file:" (new Error("", "(unknown module)"))
1601887049267	Marionette	INFO	Listening on port 34293
1601887049317	Marionette	WARN	TLS certificate errors will be ignored for this session
1601887098875	mozrunner::runner	INFO	Running command: "/usr/bin/firefox" "-marionette" "-headless" "-foreground" "-no-remote" "-profile" "/tmp/rust_mozprofileJwNZCn"
*** You are running in headless mode.
console.error: SearchCache: "_readCacheFile: Error reading cache file:" (new Error("", "(unknown module)"))
1601887101949	Marionette	INFO	Listening on port 35655
1601887102061	Marionette	WARN	TLS certificate errors will be ignored for this session
1601893605446	mozrunner::runner	INFO	Running command: "/usr/bin/firefox" "-marionette" "-headless" "-foreground" "-no-remote" "-profile" "/tmp/rust_mozprofileKXUwGP"
*** You are running in headless mode.
console.error: SearchCache: "_readCacheFile: Error reading cache file:" (new Error("", "(unknown module)"))
1601893618324	Marionette	INFO	Listening on port 33971
1601893618425	Marionette	WARN	TLS certificate errors will be ignored for this session
WARNING: At least one completion condition is taking too long to complete. Conditions: [{"name":"Places Connection shutdown","state":{"progress":{}},"filename":"/build/firefox-Ryrp1v/firefox-81.0+build2/toolkit/components/places/Database.cpp","lineNumber":489,"stack":["resource://gre/modules/nsAsyncShutdown.jsm:addBlocker:162","resource://gre/modules/PlacesUtils.jsm:null:1934","resource://gre/modules/XPCOMUtils.jsm:get:58","resource://gre/modules/PageThumbs.jsm:PageThumbs_init:116","resource:///modules/BrowserGlue.jsm:BG__onFirstWindowLoaded:1792","resource:///modules/BrowserGlue.jsm:BG_observe:946","chrome://browser/content/browser.js:_delayedStartup:2108"]}] Barrier: profile-before-change
WARNING: At least one completion condition is taking too long to complete. Conditions: [{"name":"Places Connection shutdown","state":{"progress":{}},"filename":"/build/firefox-Ryrp1v/firefox-81.0+build2/toolkit/components/places/Database.cpp","lineNumber":489,"stack":["resource://gre/modules/nsAsyncShutdown.jsm:addBlocker:162","resource://gre/modules/PlacesUtils.jsm:null:1934","resource://gre/modules/XPCOMUtils.jsm:get:58","resource://gre/modules/PageThumbs.jsm:PageThumbs_init:116","resource:///modules/BrowserGlue.jsm:BG__onFirstWindowLoaded:1792","resource:///modules/BrowserGlue.jsm:BG_observe:946","chrome://browser/content/browser.js:_delayedStartup:2108"]}] Barrier: profile-before-change
WARNING: At least one completion condition is taking too long to complete. Conditions: [{"name":"Places Connection shutdown","state":{"progress":{}},"filename":"/build/firefox-Ryrp1v/firefox-81.0+build2/toolkit/components/places/Database.cpp","lineNumber":489,"stack":["resource://gre/modules/nsAsyncShutdown.jsm:addBlocker:162","resource://gre/modules/PlacesUtils.jsm:null:1934","resource://gre/modules/XPCOMUtils.jsm:get:58","resource://gre/modules/PageThumbs.jsm:PageThumbs_init:116","resource:///modules/BrowserGlue.jsm:BG__onFirstWindowLoaded:1792","resource:///modules/BrowserGlue.jsm:BG_observe:946","chrome://browser/content/browser.js:_delayedStartup:2108"]}] Barrier: profile-before-change
WARNING: At least one completion condition is taking too long to complete. Conditions: [{"name":"Places Connection shutdown","state":{"progress":{}},"filename":"/build/firefox-Ryrp1v/firefox-81.0+build2/toolkit/components/places/Database.cpp","lineNumber":489,"stack":["resource://gre/modules/nsAsyncShutdown.jsm:addBlocker:162","resource://gre/modules/PlacesUtils.jsm:null:1934","resource://gre/modules/XPCOMUtils.jsm:get:58","resource://gre/modules/PageThumbs.jsm:PageThumbs_init:116","resource:///modules/BrowserGlue.jsm:BG__onFirstWindowLoaded:1792","resource:///modules/BrowserGlue.jsm:BG_observe:946","chrome://browser/content/browser.js:_delayedStartup:2108"]}] Barrier: profile-before-change
WARNING: At least one completion condition is taking too long to complete. Conditions: [{"name":"Places Connection shutdown","state":{"progress":{}},"filename":"/build/firefox-Ryrp1v/firefox-81.0+build2/toolkit/components/places/Database.cpp","lineNumber":489,"stack":["resource://gre/modules/nsAsyncShutdown.jsm:addBlocker:162","resource://gre/modules/PlacesUtils.jsm:null:1934","resource://gre/modules/XPCOMUtils.jsm:get:58","resource://gre/modules/PageThumbs.jsm:PageThumbs_init:116","resource:///modules/BrowserGlue.jsm:BG__onFirstWindowLoaded:1792","resource:///modules/BrowserGlue.jsm:BG_observe:946","chrome://browser/content/browser.js:_delayedStartup:2108"]}] Barrier: profile-before-change
WARNING: At least one completion condition is taking too long to complete. Conditions: [{"name":"Places Connection shutdown","state":{"progress":{}},"filename":"/build/firefox-Ryrp1v/firefox-81.0+build2/toolkit/components/places/Database.cpp","lineNumber":489,"stack":["resource://gre/modules/nsAsyncShutdown.jsm:addBlocker:162","resource://gre/modules/PlacesUtils.jsm:null:1934","resource://gre/modules/XPCOMUtils.jsm:get:58","resource://gre/modules/PageThumbs.jsm:PageThumbs_init:116","resource:///modules/BrowserGlue.jsm:BG__onFirstWindowLoaded:1792","resource:///modules/BrowserGlue.jsm:BG_observe:946","chrome://browser/content/browser.js:_delayedStartup:2108"]}] Barrier: profile-before-change
WARNING: At least one completion condition is taking too long to complete. Conditions: [{"name":"Places Connection shutdown","state":{"progress":{}},"filename":"/build/firefox-Ryrp1v/firefox-81.0+build2/toolkit/components/places/Database.cpp","lineNumber":489,"stack":["resource://gre/modules/nsAsyncShutdown.jsm:addBlocker:162","resource://gre/modules/PlacesUtils.jsm:null:1934","resource://gre/modules/XPCOMUtils.jsm:get:58","resource://gre/modules/PageThumbs.jsm:PageThumbs_init:116","resource:///modules/BrowserGlue.jsm:BG__onFirstWindowLoaded:1792","resource:///modules/BrowserGlue.jsm:BG_observe:946","chrome://browser/content/browser.js:_delayedStartup:2108"]}] Barrier: profile-before-change
WARNING: At least one completion condition is taking too long to complete. Conditions: [{"name":"Places Connection shutdown","state":{"progress":{}},"filename":"/build/firefox-Ryrp1v/firefox-81.0+build2/toolkit/components/places/Database.cpp","lineNumber":489,"stack":["resource://gre/modules/nsAsyncShutdown.jsm:addBlocker:162","resource://gre/modules/PlacesUtils.jsm:null:1934","resource://gre/modules/XPCOMUtils.jsm:get:58","resource://gre/modules/PageThumbs.jsm:PageThumbs_init:116","resource:///modules/BrowserGlue.jsm:BG__onFirstWindowLoaded:1792","resource:///modules/BrowserGlue.jsm:BG_observe:946","chrome://browser/content/browser.js:_delayedStartup:2108"]}] Barrier: profile-before-change
WARNING: At least one completion condition is taking too long to complete. Conditions: [{"name":"Places Connection shutdown","state":{"progress":{}},"filename":"/build/firefox-Ryrp1v/firefox-81.0+build2/toolkit/components/places/Database.cpp","lineNumber":489,"stack":["resource://gre/modules/nsAsyncShutdown.jsm:addBlocker:162","resource://gre/modules/PlacesUtils.jsm:null:1934","resource://gre/modules/XPCOMUtils.jsm:get:58","resource://gre/modules/PageThumbs.jsm:PageThumbs_init:116","resource:///modules/BrowserGlue.jsm:BG__onFirstWindowLoaded:1792","resource:///modules/BrowserGlue.jsm:BG_observe:946","chrome://browser/content/browser.js:_delayedStartup:2108"]}] Barrier: profile-before-change
WARNING: At least one completion condition is taking too long to complete. Conditions: [{"name":"Places Connection shutdown","state":{"progress":{}},"filename":"/build/firefox-Ryrp1v/firefox-81.0+build2/toolkit/components/places/Database.cpp","lineNumber":489,"stack":["resource://gre/modules/nsAsyncShutdown.jsm:addBlocker:162","resource://gre/modules/PlacesUtils.jsm:null:1934","resource://gre/modules/XPCOMUtils.jsm:get:58","resource://gre/modules/PageThumbs.jsm:PageThumbs_init:116","resource:///modules/BrowserGlue.jsm:BG__onFirstWindowLoaded:1792","resource:///modules/BrowserGlue.jsm:BG_observe:946","chrome://browser/content/browser.js:_delayedStartup:2108"]}] Barrier: profile-before-change
WARNING: At least one completion condition is taking too long to complete. Conditions: [{"name":"Places Connection shutdown","state":{"progress":{}},"filename":"/build/firefox-Ryrp1v/firefox-81.0+build2/toolkit/components/places/Database.cpp","lineNumber":489,"stack":["resource://gre/modules/nsAsyncShutdown.jsm:addBlocker:162","resource://gre/modules/PlacesUtils.jsm:null:1934","resource://gre/modules/XPCOMUtils.jsm:get:58","resource://gre/modules/PageThumbs.jsm:PageThumbs_init:116","resource:///modules/BrowserGlue.jsm:BG__onFirstWindowLoaded:1792","resource:///modules/BrowserGlue.jsm:BG_observe:946","chrome://browser/content/browser.js:_delayedStartup:2108"]}] Barrier: profile-before-change
WARNING: At least one completion condition is taking too long to complete. Conditions: [{"name":"Places Connection shutdown","state":{"progress":{}},"filename":"/build/firefox-Ryrp1v/firefox-81.0+build2/toolkit/components/places/Database.cpp","lineNumber":489,"stack":["resource://gre/modules/nsAsyncShutdown.jsm:addBlocker:162","resource://gre/modules/PlacesUtils.jsm:null:1934","resource://gre/modules/XPCOMUtils.jsm:get:58","resource://gre/modules/PageThumbs.jsm:PageThumbs_init:116","resource:///modules/BrowserGlue.jsm:BG__onFirstWindowLoaded:1792","resource:///modules/BrowserGlue.jsm:BG_observe:946","chrome://browser/content/browser.js:_delayedStartup:2108"]}] Barrier: profile-before-change
WARNING: At least one completion condition is taking too long to complete. Conditions: [{"name":"Places Connection shutdown","state":{"progress":{}},"filename":"/build/firefox-Ryrp1v/firefox-81.0+build2/toolkit/components/places/Database.cpp","lineNumber":489,"stack":["resource://gre/modules/nsAsyncShutdown.jsm:addBlocker:162","resource://gre/modules/PlacesUtils.jsm:null:1934","resource://gre/modules/XPCOMUtils.jsm:get:58","resource://gre/modules/PageThumbs.jsm:PageThumbs_init:116","resource:///modules/BrowserGlue.jsm:BG__onFirstWindowLoaded:1792","resource:///modules/BrowserGlue.jsm:BG_observe:946","chrome://browser/content/browser.js:_delayedStartup:2108"]}] Barrier: profile-before-change
WARNING: At least one completion condition is taking too long to complete. Conditions: [{"name":"Places Connection shutdown","state":{"progress":{}},"filename":"/build/firefox-Ryrp1v/firefox-81.0+build2/toolkit/components/places/Database.cpp","lineNumber":489,"stack":["resource://gre/modules/nsAsyncShutdown.jsm:addBlocker:162","resource://gre/modules/PlacesUtils.jsm:null:1934","resource://gre/modules/XPCOMUtils.jsm:get:58","resource://gre/modules/PageThumbs.jsm:PageThumbs_init:116","resource:///modules/BrowserGlue.jsm:BG__onFirstWindowLoaded:1792","resource:///modules/BrowserGlue.jsm:BG_observe:946","chrome://browser/content/browser.js:_delayedStartup:2108"]}] Barrier: profile-before-change
WARNING: At least one completion condition is taking too long to complete. Conditions: [{"name":"Places Connection shutdown","state":{"progress":{}},"filename":"/build/firefox-Ryrp1v/firefox-81.0+build2/toolkit/components/places/Database.cpp","lineNumber":489,"stack":["resource://gre/modules/nsAsyncShutdown.jsm:addBlocker:162","resource://gre/modules/PlacesUtils.jsm:null:1934","resource://gre/modules/XPCOMUtils.jsm:get:58","resource://gre/modules/PageThumbs.jsm:PageThumbs_init:116","resource:///modules/BrowserGlue.jsm:BG__onFirstWindowLoaded:1792","resource:///modules/BrowserGlue.jsm:BG_observe:946","chrome://browser/content/browser.js:_delayedStartup:2108"]}] Barrier: profile-before-change
WARNING: At least one completion condition is taking too long to complete. Conditions: [{"name":"Places Connection shutdown","state":{"progress":{}},"filename":"/build/firefox-Ryrp1v/firefox-81.0+build2/toolkit/components/places/Database.cpp","lineNumber":489,"stack":["resource://gre/modules/nsAsyncShutdown.jsm:addBlocker:162","resource://gre/modules/PlacesUtils.jsm:null:1934","resource://gre/modules/XPCOMUtils.jsm:get:58","resource://gre/modules/PageThumbs.jsm:PageThumbs_init:116","resource:///modules/BrowserGlue.jsm:BG__onFirstWindowLoaded:1792","resource:///modules/BrowserGlue.jsm:BG_observe:946","chrome://browser/content/browser.js:_delayedStartup:2108"]}] Barrier: profile-before-change
WARNING: At least one completion condition is taking too long to complete. Conditions: [{"name":"Places Connection shutdown","state":{"progress":{}},"filename":"/build/firefox-Ryrp1v/firefox-81.0+build2/toolkit/components/places/Database.cpp","lineNumber":489,"stack":["resource://gre/modules/nsAsyncShutdown.jsm:addBlocker:162","resource://gre/modules/PlacesUtils.jsm:null:1934","resource://gre/modules/XPCOMUtils.jsm:get:58","resource://gre/modules/PageThumbs.jsm:PageThumbs_init:116","resource:///modules/BrowserGlue.jsm:BG__onFirstWindowLoaded:1792","resource:///modules/BrowserGlue.jsm:BG_observe:946","chrome://browser/content/browser.js:_delayedStartup:2108"]}] Barrier: profile-before-change
WARNING: At least one completion condition is taking too long to complete. Conditions: [{"name":"Places Connection shutdown","state":{"progress":{}},"filename":"/build/firefox-Ryrp1v/firefox-81.0+build2/toolkit/components/places/Database.cpp","lineNumber":489,"stack":["resource://gre/modules/nsAsyncShutdown.jsm:addBlocker:162","resource://gre/modules/PlacesUtils.jsm:null:1934","resource://gre/modules/XPCOMUtils.jsm:get:58","resource://gre/modules/PageThumbs.jsm:PageThumbs_init:116","resource:///modules/BrowserGlue.jsm:BG__onFirstWindowLoaded:1792","resource:///modules/BrowserGlue.jsm:BG_observe:946","chrome://browser/content/browser.js:_delayedStartup:2108"]}] Barrier: profile-before-change
WARNING: At least one completion condition is taking too long to complete. Conditions: [{"name":"Places Connection shutdown","state":{"progress":{}},"filename":"/build/firefox-Ryrp1v/firefox-81.0+build2/toolkit/components/places/Database.cpp","lineNumber":489,"stack":["resource://gre/modules/nsAsyncShutdown.jsm:addBlocker:162","resource://gre/modules/PlacesUtils.jsm:null:1934","resource://gre/modules/XPCOMUtils.jsm:get:58","resource://gre/modules/PageThumbs.jsm:PageThumbs_init:116","resource:///modules/BrowserGlue.jsm:BG__onFirstWindowLoaded:1792","resource:///modules/BrowserGlue.jsm:BG_observe:946","chrome://browser/content/browser.js:_delayedStartup:2108"]}] Barrier: profile-before-change
WARNING: At least one completion condition is taking too long to complete. Conditions: [{"name":"Places Connection shutdown","state":{"progress":{}},"filename":"/build/firefox-Ryrp1v/firefox-81.0+build2/toolkit/components/places/Database.cpp","lineNumber":489,"stack":["resource://gre/modules/nsAsyncShutdown.jsm:addBlocker:162","resource://gre/modules/PlacesUtils.jsm:null:1934","resource://gre/modules/XPCOMUtils.jsm:get:58","resource://gre/modules/PageThumbs.jsm:PageThumbs_init:116","resource:///modules/BrowserGlue.jsm:BG__onFirstWindowLoaded:1792","resource:///modules/BrowserGlue.jsm:BG_observe:946","chrome://browser/content/browser.js:_delayedStartup:2108"]}] Barrier: profile-before-change
WARNING: At least one completion condition is taking too long to complete. Conditions: [{"name":"Places Connection shutdown","state":{"progress":{}},"filename":"/build/firefox-Ryrp1v/firefox-81.0+build2/toolkit/components/places/Database.cpp","lineNumber":489,"stack":["resource://gre/modules/nsAsyncShutdown.jsm:addBlocker:162","resource://gre/modules/PlacesUtils.jsm:null:1934","resource://gre/modules/XPCOMUtils.jsm:get:58","resource://gre/modules/PageThumbs.jsm:PageThumbs_init:116","resource:///modules/BrowserGlue.jsm:BG__onFirstWindowLoaded:1792","resource:///modules/BrowserGlue.jsm:BG_observe:946","chrome://browser/content/browser.js:_delayedStartup:2108"]}] Barrier: profile-before-change
WARNING: At least one completion condition is taking too long to complete. Conditions: [{"name":"Places Connection shutdown","state":{"progress":{}},"filename":"/build/firefox-Ryrp1v/firefox-81.0+build2/toolkit/components/places/Database.cpp","lineNumber":489,"stack":["resource://gre/modules/nsAsyncShutdown.jsm:addBlocker:162","resource://gre/modules/PlacesUtils.jsm:null:1934","resource://gre/modules/XPCOMUtils.jsm:get:58","resource://gre/modules/PageThumbs.jsm:PageThumbs_init:116","resource:///modules/BrowserGlue.jsm:BG__onFirstWindowLoaded:1792","resource:///modules/BrowserGlue.jsm:BG_observe:946","chrome://browser/content/browser.js:_delayedStartup:2108"]}] Barrier: profile-before-change
WARNING: At least one completion condition is taking too long to complete. Conditions: [{"name":"Places Connection shutdown","state":{"progress":{}},"filename":"/build/firefox-Ryrp1v/firefox-81.0+build2/toolkit/components/places/Database.cpp","lineNumber":489,"stack":["resource://gre/modules/nsAsyncShutdown.jsm:addBlocker:162","resource://gre/modules/PlacesUtils.jsm:null:1934","resource://gre/modules/XPCOMUtils.jsm:get:58","resource://gre/modules/PageThumbs.jsm:PageThumbs_init:116","resource:///modules/BrowserGlue.jsm:BG__onFirstWindowLoaded:1792","resource:///modules/BrowserGlue.jsm:BG_observe:946","chrome://browser/content/browser.js:_delayedStartup:2108"]}] Barrier: profile-before-change
WARNING: At least one completion condition is taking too long to complete. Conditions: [{"name":"Places Connection shutdown","state":{"progress":{}},"filename":"/build/firefox-Ryrp1v/firefox-81.0+build2/toolkit/components/places/Database.cpp","lineNumber":489,"stack":["resource://gre/modules/nsAsyncShutdown.jsm:addBlocker:162","resource://gre/modules/PlacesUtils.jsm:null:1934","resource://gre/modules/XPCOMUtils.jsm:get:58","resource://gre/modules/PageThumbs.jsm:PageThumbs_init:116","resource:///modules/BrowserGlue.jsm:BG__onFirstWindowLoaded:1792","resource:///modules/BrowserGlue.jsm:BG_observe:946","chrome://browser/content/browser.js:_delayedStartup:2108"]}] Barrier: profile-before-change
WARNING: At least one completion condition is taking too long to complete. Conditions: [{"name":"Places Connection shutdown","state":{"progress":{}},"filename":"/build/firefox-Ryrp1v/firefox-81.0+build2/toolkit/components/places/Database.cpp","lineNumber":489,"stack":["resource://gre/modules/nsAsyncShutdown.jsm:addBlocker:162","resource://gre/modules/PlacesUtils.jsm:null:1934","resource://gre/modules/XPCOMUtils.jsm:get:58","resource://gre/modules/PageThumbs.jsm:PageThumbs_init:116","resource:///modules/BrowserGlue.jsm:BG__onFirstWindowLoaded:1792","resource:///modules/BrowserGlue.jsm:BG_observe:946","chrome://browser/content/browser.js:_delayedStartup:2108"]}] Barrier: profile-before-change
WARNING: At least one completion condition is taking too long to complete. Conditions: [{"name":"Places Connection shutdown","state":{"progress":{}},"filename":"/build/firefox-Ryrp1v/firefox-81.0+build2/toolkit/components/places/Database.cpp","lineNumber":489,"stack":["resource://gre/modules/nsAsyncShutdown.jsm:addBlocker:162","resource://gre/modules/PlacesUtils.jsm:null:1934","resource://gre/modules/XPCOMUtils.jsm:get:58","resource://gre/modules/PageThumbs.jsm:PageThumbs_init:116","resource:///modules/BrowserGlue.jsm:BG__onFirstWindowLoaded:1792","resource:///modules/BrowserGlue.jsm:BG_observe:946","chrome://browser/content/browser.js:_delayedStartup:2108"]}] Barrier: profile-before-change
WARNING: At least one completion condition is taking too long to complete. Conditions: [{"name":"Places Connection shutdown","state":{"progress":{}},"filename":"/build/firefox-Ryrp1v/firefox-81.0+build2/toolkit/components/places/Database.cpp","lineNumber":489,"stack":["resource://gre/modules/nsAsyncShutdown.jsm:addBlocker:162","resource://gre/modules/PlacesUtils.jsm:null:1934","resource://gre/modules/XPCOMUtils.jsm:get:58","resource://gre/modules/PageThumbs.jsm:PageThumbs_init:116","resource:///modules/BrowserGlue.jsm:BG__onFirstWindowLoaded:1792","resource:///modules/BrowserGlue.jsm:BG_observe:946","chrome://browser/content/browser.js:_delayedStartup:2108"]}] Barrier: profile-before-change
WARNING: At least one completion condition is taking too long to complete. Conditions: [{"name":"Places Connection shutdown","state":{"progress":{}},"filename":"/build/firefox-Ryrp1v/firefox-81.0+build2/toolkit/components/places/Database.cpp","lineNumber":489,"stack":["resource://gre/modules/nsAsyncShutdown.jsm:addBlocker:162","resource://gre/modules/PlacesUtils.jsm:null:1934","resource://gre/modules/XPCOMUtils.jsm:get:58","resource://gre/modules/PageThumbs.jsm:PageThumbs_init:116","resource:///modules/BrowserGlue.jsm:BG__onFirstWindowLoaded:1792","resource:///modules/BrowserGlue.jsm:BG_observe:946","chrome://browser/content/browser.js:_delayedStartup:2108"]}] Barrier: profile-before-change
WARNING: At least one completion condition is taking too long to complete. Conditions: [{"name":"Places Connection shutdown","state":{"progress":{}},"filename":"/build/firefox-Ryrp1v/firefox-81.0+build2/toolkit/components/places/Database.cpp","lineNumber":489,"stack":["resource://gre/modules/nsAsyncShutdown.jsm:addBlocker:162","resource://gre/modules/PlacesUtils.jsm:null:1934","resource://gre/modules/XPCOMUtils.jsm:get:58","resource://gre/modules/PageThumbs.jsm:PageThumbs_init:116","resource:///modules/BrowserGlue.jsm:BG__onFirstWindowLoaded:1792","resource:///modules/BrowserGlue.jsm:BG_observe:946","chrome://browser/content/browser.js:_delayedStartup:2108"]}] Barrier: profile-before-change
WARNING: At least one completion condition is taking too long to complete. Conditions: [{"name":"Places Connection shutdown","state":{"progress":{}},"filename":"/build/firefox-Ryrp1v/firefox-81.0+build2/toolkit/components/places/Database.cpp","lineNumber":489,"stack":["resource://gre/modules/nsAsyncShutdown.jsm:addBlocker:162","resource://gre/modules/PlacesUtils.jsm:null:1934","resource://gre/modules/XPCOMUtils.jsm:get:58","resource://gre/modules/PageThumbs.jsm:PageThumbs_init:116","resource:///modules/BrowserGlue.jsm:BG__onFirstWindowLoaded:1792","resource:///modules/BrowserGlue.jsm:BG_observe:946","chrome://browser/content/browser.js:_delayedStartup:2108"]}] Barrier: profile-before-change
WARNING: At least one completion condition is taking too long to complete. Conditions: [{"name":"Places Connection shutdown","state":{"progress":{}},"filename":"/build/firefox-Ryrp1v/firefox-81.0+build2/toolkit/components/places/Database.cpp","lineNumber":489,"stack":["resource://gre/modules/nsAsyncShutdown.jsm:addBlocker:162","resource://gre/modules/PlacesUtils.jsm:null:1934","resource://gre/modules/XPCOMUtils.jsm:get:58","resource://gre/modules/PageThumbs.jsm:PageThumbs_init:116","resource:///modules/BrowserGlue.jsm:BG__onFirstWindowLoaded:1792","resource:///modules/BrowserGlue.jsm:BG_observe:946","chrome://browser/content/browser.js:_delayedStartup:2108"]}] Barrier: profile-before-change
WARNING: At least one completion condition is taking too long to complete. Conditions: [{"name":"Places Connection shutdown","state":{"progress":{}},"filename":"/build/firefox-Ryrp1v/firefox-81.0+build2/toolkit/components/places/Database.cpp","lineNumber":489,"stack":["resource://gre/modules/nsAsyncShutdown.jsm:addBlocker:162","resource://gre/modules/PlacesUtils.jsm:null:1934","resource://gre/modules/XPCOMUtils.jsm:get:58","resource://gre/modules/PageThumbs.jsm:PageThumbs_init:116","resource:///modules/BrowserGlue.jsm:BG__onFirstWindowLoaded:1792","resource:///modules/BrowserGlue.jsm:BG_observe:946","chrome://browser/content/browser.js:_delayedStartup:2108"]}] Barrier: profile-before-change
WARNING: At least one completion condition is taking too long to complete. Conditions: [{"name":"Places Connection shutdown","state":{"progress":{}},"filename":"/build/firefox-Ryrp1v/firefox-81.0+build2/toolkit/components/places/Database.cpp","lineNumber":489,"stack":["resource://gre/modules/nsAsyncShutdown.jsm:addBlocker:162","resource://gre/modules/PlacesUtils.jsm:null:1934","resource://gre/modules/XPCOMUtils.jsm:get:58","resource://gre/modules/PageThumbs.jsm:PageThumbs_init:116","resource:///modules/BrowserGlue.jsm:BG__onFirstWindowLoaded:1792","resource:///modules/BrowserGlue.jsm:BG_observe:946","chrome://browser/content/browser.js:_delayedStartup:2108"]}] Barrier: profile-before-change
WARNING: At least one completion condition is taking too long to complete. Conditions: [{"name":"Places Connection shutdown","state":{"progress":{}},"filename":"/build/firefox-Ryrp1v/firefox-81.0+build2/toolkit/components/places/Database.cpp","lineNumber":489,"stack":["resource://gre/modules/nsAsyncShutdown.jsm:addBlocker:162","resource://gre/modules/PlacesUtils.jsm:null:1934","resource://gre/modules/XPCOMUtils.jsm:get:58","resource://gre/modules/PageThumbs.jsm:PageThumbs_init:116","resource:///modules/BrowserGlue.jsm:BG__onFirstWindowLoaded:1792","resource:///modules/BrowserGlue.jsm:BG_observe:946","chrome://browser/content/browser.js:_delayedStartup:2108"]}] Barrier: profile-before-change
WARNING: At least one completion condition is taking too long to complete. Conditions: [{"name":"Places Connection shutdown","state":{"progress":{}},"filename":"/build/firefox-Ryrp1v/firefox-81.0+build2/toolkit/components/places/Database.cpp","lineNumber":489,"stack":["resource://gre/modules/nsAsyncShutdown.jsm:addBlocker:162","resource://gre/modules/PlacesUtils.jsm:null:1934","resource://gre/modules/XPCOMUtils.jsm:get:58","resource://gre/modules/PageThumbs.jsm:PageThumbs_init:116","resource:///modules/BrowserGlue.jsm:BG__onFirstWindowLoaded:1792","resource:///modules/BrowserGlue.jsm:BG_observe:946","chrome://browser/content/browser.js:_delayedStartup:2108"]}] Barrier: profile-before-change
WARNING: At least one completion condition is taking too long to complete. Conditions: [{"name":"Places Connection shutdown","state":{"progress":{}},"filename":"/build/firefox-Ryrp1v/firefox-81.0+build2/toolkit/components/places/Database.cpp","lineNumber":489,"stack":["resource://gre/modules/nsAsyncShutdown.jsm:addBlocker:162","resource://gre/modules/PlacesUtils.jsm:null:1934","resource://gre/modules/XPCOMUtils.jsm:get:58","resource://gre/modules/PageThumbs.jsm:PageThumbs_init:116","resource:///modules/BrowserGlue.jsm:BG__onFirstWindowLoaded:1792","resource:///modules/BrowserGlue.jsm:BG_observe:946","chrome://browser/content/browser.js:_delayedStartup:2108"]}] Barrier: profile-before-change
WARNING: At least one completion condition is taking too long to complete. Conditions: [{"name":"Places Connection shutdown","state":{"progress":{}},"filename":"/build/firefox-Ryrp1v/firefox-81.0+build2/toolkit/components/places/Database.cpp","lineNumber":489,"stack":["resource://gre/modules/nsAsyncShutdown.jsm:addBlocker:162","resource://gre/modules/PlacesUtils.jsm:null:1934","resource://gre/modules/XPCOMUtils.jsm:get:58","resource://gre/modules/PageThumbs.jsm:PageThumbs_init:116","resource:///modules/BrowserGlue.jsm:BG__onFirstWindowLoaded:1792","resource:///modules/BrowserGlue.jsm:BG_observe:946","chrome://browser/content/browser.js:_delayedStartup:2108"]}] Barrier: profile-before-change
WARNING: At least one completion condition is taking too long to complete. Conditions: [{"name":"Places Connection shutdown","state":{"progress":{}},"filename":"/build/firefox-Ryrp1v/firefox-81.0+build2/toolkit/components/places/Database.cpp","lineNumber":489,"stack":["resource://gre/modules/nsAsyncShutdown.jsm:addBlocker:162","resource://gre/modules/PlacesUtils.jsm:null:1934","resource://gre/modules/XPCOMUtils.jsm:get:58","resource://gre/modules/PageThumbs.jsm:PageThumbs_init:116","resource:///modules/BrowserGlue.jsm:BG__onFirstWindowLoaded:1792","resource:///modules/BrowserGlue.jsm:BG_observe:946","chrome://browser/content/browser.js:_delayedStartup:2108"]}] Barrier: profile-before-change
WARNING: At least one completion condition is taking too long to complete. Conditions: [{"name":"Places Connection shutdown","state":{"progress":{}},"filename":"/build/firefox-Ryrp1v/firefox-81.0+build2/toolkit/components/places/Database.cpp","lineNumber":489,"stack":["resource://gre/modules/nsAsyncShutdown.jsm:addBlocker:162","resource://gre/modules/PlacesUtils.jsm:null:1934","resource://gre/modules/XPCOMUtils.jsm:get:58","resource://gre/modules/PageThumbs.jsm:PageThumbs_init:116","resource:///modules/BrowserGlue.jsm:BG__onFirstWindowLoaded:1792","resource:///modules/BrowserGlue.jsm:BG_observe:946","chrome://browser/content/browser.js:_delayedStartup:2108"]}] Barrier: profile-before-change
WARNING: At least one completion condition is taking too long to complete. Conditions: [{"name":"Places Connection shutdown","state":{"progress":{}},"filename":"/build/firefox-Ryrp1v/firefox-81.0+build2/toolkit/components/places/Database.cpp","lineNumber":489,"stack":["resource://gre/modules/nsAsyncShutdown.jsm:addBlocker:162","resource://gre/modules/PlacesUtils.jsm:null:1934","resource://gre/modules/XPCOMUtils.jsm:get:58","resource://gre/modules/PageThumbs.jsm:PageThumbs_init:116","resource:///modules/BrowserGlue.jsm:BG__onFirstWindowLoaded:1792","resource:///modules/BrowserGlue.jsm:BG_observe:946","chrome://browser/content/browser.js:_delayedStartup:2108"]}] Barrier: profile-before-change
WARNING: At least one completion condition is taking too long to complete. Conditions: [{"name":"Places Connection shutdown","state":{"progress":{}},"filename":"/build/firefox-Ryrp1v/firefox-81.0+build2/toolkit/components/places/Database.cpp","lineNumber":489,"stack":["resource://gre/modules/nsAsyncShutdown.jsm:addBlocker:162","resource://gre/modules/PlacesUtils.jsm:null:1934","resource://gre/modules/XPCOMUtils.jsm:get:58","resource://gre/modules/PageThumbs.jsm:PageThumbs_init:116","resource:///modules/BrowserGlue.jsm:BG__onFirstWindowLoaded:1792","resource:///modules/BrowserGlue.jsm:BG_observe:946","chrome://browser/content/browser.js:_delayedStartup:2108"]}] Barrier: profile-before-change
console.error: (new Error("SessionFile is closed", "resource:///modules/sessionstore/SessionFile.jsm", 433))
console.error: (new Error("SessionFile is closed", "resource:///modules/sessionstore/SessionFile.jsm", 433))
console.error: (new Error("SessionFile is closed", "resource:///modules/sessionstore/SessionFile.jsm", 433))
console.error: (new Error("SessionFile is closed", "resource:///modules/sessionstore/SessionFile.jsm", 433))
console.error: (new Error("SessionFile is closed", "resource:///modules/sessionstore/SessionFile.jsm", 433))
console.error: (new Error("SessionFile is closed", "resource:///modules/sessionstore/SessionFile.jsm", 433))
console.error: (new Error("SessionFile is closed", "resource:///modules/sessionstore/SessionFile.jsm", 433))
console.error: (new Error("SessionFile is closed", "resource:///modules/sessionstore/SessionFile.jsm", 433))
console.error: (new Error("SessionFile is closed", "resource:///modules/sessionstore/SessionFile.jsm", 433))
console.error: (new Error("SessionFile is closed", "resource:///modules/sessionstore/SessionFile.jsm", 433))
console.error: (new Error("SessionFile is closed", "resource:///modules/sessionstore/SessionFile.jsm", 433))
console.error: (new Error("SessionFile is closed", "resource:///modules/sessionstore/SessionFile.jsm", 433))
console.error: (new Error("SessionFile is closed", "resource:///modules/sessionstore/SessionFile.jsm", 433))
console.error: (new Error("SessionFile is closed", "resource:///modules/sessionstore/SessionFile.jsm", 433))
console.error: (new Error("SessionFile is closed", "resource:///modules/sessionstore/SessionFile.jsm", 433))
console.error: (new Error("SessionFile is closed", "resource:///modules/sessionstore/SessionFile.jsm", 433))
console.error: (new Error("SessionFile is closed", "resource:///modules/sessionstore/SessionFile.jsm", 433))
console.error: (new Error("SessionFile is closed", "resource:///modules/sessionstore/SessionFile.jsm", 433))
console.error: (new Error("SessionFile is closed", "resource:///modules/sessionstore/SessionFile.jsm", 433))
console.error: (new Error("SessionFile is closed", "resource:///modules/sessionstore/SessionFile.jsm", 433))
console.error: (new Error("SessionFile is closed", "resource:///modules/sessionstore/SessionFile.jsm", 433))
console.error: (new Error("SessionFile is closed", "resource:///modules/sessionstore/SessionFile.jsm", 433))
console.error: (new Error("SessionFile is closed", "resource:///modules/sessionstore/SessionFile.jsm", 433))
console.error: (new Error("SessionFile is closed", "resource:///modules/sessionstore/SessionFile.jsm", 433))
console.error: (new Error("SessionFile is closed", "resource:///modules/sessionstore/SessionFile.jsm", 433))
console.error: (new Error("SessionFile is closed", "resource:///modules/sessionstore/SessionFile.jsm", 433))
console.error: (new Error("SessionFile is closed", "resource:///modules/sessionstore/SessionFile.jsm", 433))
console.error: (new Error("SessionFile is closed", "resource:///modules/sessionstore/SessionFile.jsm", 433))
console.error: (new Error("SessionFile is closed", "resource:///modules/sessionstore/SessionFile.jsm", 433))
console.error: (new Error("SessionFile is closed", "resource:///modules/sessionstore/SessionFile.jsm", 433))
console.error: (new Error("SessionFile is closed", "resource:///modules/sessionstore/SessionFile.jsm", 433))
console.error: (new Error("SessionFile is closed", "resource:///modules/sessionstore/SessionFile.jsm", 433))
console.error: (new Error("SessionFile is closed", "resource:///modules/sessionstore/SessionFile.jsm", 433))
console.error: (new Error("SessionFile is closed", "resource:///modules/sessionstore/SessionFile.jsm", 433))
console.error: (new Error("SessionFile is closed", "resource:///modules/sessionstore/SessionFile.jsm", 433))
console.error: (new Error("SessionFile is closed", "resource:///modules/sessionstore/SessionFile.jsm", 433))
console.error: (new Error("SessionFile is closed", "resource:///modules/sessionstore/SessionFile.jsm", 433))
console.error: (new Error("SessionFile is closed", "resource:///modules/sessionstore/SessionFile.jsm", 433))
console.error: (new Error("SessionFile is closed", "resource:///modules/sessionstore/SessionFile.jsm", 433))
console.error: (new Error("SessionFile is closed", "resource:///modules/sessionstore/SessionFile.jsm", 433))
console.error: (new Error("SessionFile is closed", "resource:///modules/sessionstore/SessionFile.jsm", 433))
1601894179037	Marionette	INFO	Stopped listening on port 33971
1601894180035	Marionette	INFO	Stopped listening on port 42157
1601894181929	Marionette	INFO	Stopped listening on port 40741
1601894181931	Marionette	INFO	Stopped listening on port 45529
1601894181931	Marionette	INFO	Stopped listening on port 40293
1601894182029	Marionette	INFO	Stopped listening on port 36071
1601894182030	Marionette	INFO	Stopped listening on port 37527
1601894182031	Marionette	INFO	Stopped listening on port 44653
1601894182032	Marionette	INFO	Stopped listening on port 33261

###!!! [Parent][RunMessage] Error: Channel closing: too late to send/recv, messages will be lost


###!!! [Parent][RunMessage] Error: Channel closing: too late to send/recv, messages will be lost

1601894182048	Marionette	INFO	Stopped listening on port 46529
1601894182062	Marionette	INFO	Stopped listening on port 37567
1601894182399	Marionette	INFO	Stopped listening on port 36797
1601894182399	Marionette	INFO	Stopped listening on port 41545
1601894182399	Marionette	INFO	Stopped listening on port 35325
1601894182400	Marionette	INFO	Stopped listening on port 35773
1601894182400	Marionette	INFO	Stopped listening on port 35197
1601894182400	Marionette	INFO	Stopped listening on port 40767
1601894182400	Marionette	INFO	Stopped listening on port 43469
1601894182404	Marionette	INFO	Stopped listening on port 33399
1601894182407	Marionette	INFO	Stopped listening on port 45121
1601894182409	Marionette	INFO	Stopped listening on port 44043

###!!! [Parent][RunMessage] Error: Channel closing: too late to send/recv, messages will be lost


###!!! [Parent][RunMessage] Error: Channel closing: too late to send/recv, messages will be lost

1601894184081	Marionette	INFO	Stopped listening on port 41695
1601894184083	Marionette	INFO	Stopped listening on port 41893
1601894184085	Marionette	INFO	Stopped listening on port 44627
1601894184086	Marionette	INFO	Stopped listening on port 42773
1601894184117	Marionette	INFO	Stopped listening on port 40589
1601894184564	Marionette	INFO	Stopped listening on port 44221
1601894184565	Marionette	INFO	Stopped listening on port 43283
1601894184566	Marionette	INFO	Stopped listening on port 39713
1601894184566	Marionette	INFO	Stopped listening on port 33869
1601894185490	Marionette	INFO	Stopped listening on port 41255
1601894185490	Marionette	INFO	Stopped listening on port 36239
1601894185490	Marionette	INFO	Stopped listening on port 39989
1601894185493	Marionette	INFO	Stopped listening on port 40169
1601894185494	Marionette	INFO	Stopped listening on port 46577
1601894185902	Marionette	INFO	Stopped listening on port 44521
1601894185905	Marionette	INFO	Stopped listening on port 34293
1601894185905	Marionette	INFO	Stopped listening on port 38653
1601894186107	Marionette	INFO	Stopped listening on port 35655
1601894186642	Marionette	INFO	Stopped listening on port 42367
1601894187920	Marionette	INFO	Stopped listening on port 36841
1601895513026	mozrunner::runner	INFO	Running command: "/usr/bin/firefox" "-marionette" "-headless" "-foreground" "-no-remote" "-profile" "/tmp/rust_mozprofile4x3irM"
*** You are running in headless mode.
console.error: SearchCache: "_readCacheFile: Error reading cache file:" (new Error("", "(unknown module)"))
1601895516871	Marionette	INFO	Listening on port 46417
1601895516971	Marionette	WARN	TLS certificate errors will be ignored for this session
1601895568403	mozrunner::runner	INFO	Running command: "/usr/bin/firefox" "-marionette" "-headless" "-foreground" "-no-remote" "-profile" "/tmp/rust_mozprofilempHhGq"
*** You are running in headless mode.
console.error: SearchCache: "_readCacheFile: Error reading cache file:" (new Error("", "(unknown module)"))
1601895572000	Marionette	INFO	Listening on port 44125
1601895572015	Marionette	WARN	TLS certificate errors will be ignored for this session
1601895615612	mozrunner::runner	INFO	Running command: "/usr/bin/firefox" "-marionette" "-headless" "-foreground" "-no-remote" "-profile" "/tmp/rust_mozprofilenuCTV2"
*** You are running in headless mode.
console.error: SearchCache: "_readCacheFile: Error reading cache file:" (new Error("", "(unknown module)"))
1601895619221	Marionette	INFO	Listening on port 46827
1601895619321	Marionette	WARN	TLS certificate errors will be ignored for this session
1601895756872	mozrunner::runner	INFO	Running command: "/usr/bin/firefox" "-marionette" "-headless" "-foreground" "-no-remote" "-profile" "/tmp/rust_mozprofileDFaFnt"
*** You are running in headless mode.
console.error: SearchCache: "_readCacheFile: Error reading cache file:" (new Error("", "(unknown module)"))
1601895760516	Marionette	INFO	Listening on port 43671
1601895760581	Marionette	WARN	TLS certificate errors will be ignored for this session
1601895818980	mozrunner::runner	INFO	Running command: "/usr/bin/firefox" "-marionette" "-headless" "-foreground" "-no-remote" "-profile" "/tmp/rust_mozprofileReXiCA"
*** You are running in headless mode.
console.error: SearchCache: "_readCacheFile: Error reading cache file:" (new Error("", "(unknown module)"))
1601895823005	Marionette	INFO	Listening on port 45811
1601895823090	Marionette	WARN	TLS certificate errors will be ignored for this session
1601895867881	mozrunner::runner	INFO	Running command: "/usr/bin/firefox" "-marionette" "-headless" "-foreground" "-no-remote" "-profile" "/tmp/rust_mozprofileYDS71j"
*** You are running in headless mode.
console.error: SearchCache: "_readCacheFile: Error reading cache file:" (new Error("", "(unknown module)"))
1601895872183	Marionette	INFO	Listening on port 38309
1601895872190	Marionette	WARN	TLS certificate errors will be ignored for this session
1601895909824	mozrunner::runner	INFO	Running command: "/usr/bin/firefox" "-marionette" "-headless" "-foreground" "-no-remote" "-profile" "/tmp/rust_mozprofilegn43Wt"
*** You are running in headless mode.
console.error: SearchCache: "_readCacheFile: Error reading cache file:" (new Error("", "(unknown module)"))
1601895913250	Marionette	INFO	Listening on port 39465
1601895913332	Marionette	WARN	TLS certificate errors will be ignored for this session
1601895953174	mozrunner::runner	INFO	Running command: "/usr/bin/firefox" "-marionette" "-headless" "-foreground" "-no-remote" "-profile" "/tmp/rust_mozprofile5jU0ez"
*** You are running in headless mode.
console.error: SearchCache: "_readCacheFile: Error reading cache file:" (new Error("", "(unknown module)"))
1601895956671	Marionette	INFO	Listening on port 46687
1601895956686	Marionette	WARN	TLS certificate errors will be ignored for this session
1601896101816	mozrunner::runner	INFO	Running command: "/usr/bin/firefox" "-marionette" "-headless" "-foreground" "-no-remote" "-profile" "/tmp/rust_mozprofileVETr49"
*** You are running in headless mode.
console.error: SearchCache: "_readCacheFile: Error reading cache file:" (new Error("", "(unknown module)"))
1601896105290	Marionette	INFO	Listening on port 34897
1601896105325	Marionette	WARN	TLS certificate errors will be ignored for this session
1601896144857	mozrunner::runner	INFO	Running command: "/usr/bin/firefox" "-marionette" "-headless" "-foreground" "-no-remote" "-profile" "/tmp/rust_mozprofile2B9Imj"
*** You are running in headless mode.
console.error: SearchCache: "_readCacheFile: Error reading cache file:" (new Error("", "(unknown module)"))
1601896150886	Marionette	INFO	Listening on port 38987
1601896150970	Marionette	WARN	TLS certificate errors will be ignored for this session
1601896194945	mozrunner::runner	INFO	Running command: "/usr/bin/firefox" "-marionette" "-headless" "-foreground" "-no-remote" "-profile" "/tmp/rust_mozprofilehNcNE8"
*** You are running in headless mode.
console.error: SearchCache: "_readCacheFile: Error reading cache file:" (new Error("", "(unknown module)"))
1601896199033	Marionette	INFO	Listening on port 40181
1601896199055	Marionette	WARN	TLS certificate errors will be ignored for this session
1601896242102	mozrunner::runner	INFO	Running command: "/usr/bin/firefox" "-marionette" "-headless" "-foreground" "-no-remote" "-profile" "/tmp/rust_mozprofileJB1xA4"
*** You are running in headless mode.
console.error: SearchCache: "_readCacheFile: Error reading cache file:" (new Error("", "(unknown module)"))
1601896246638	Marionette	INFO	Listening on port 45775
1601896246713	Marionette	WARN	TLS certificate errors will be ignored for this session
1601896289827	mozrunner::runner	INFO	Running command: "/usr/bin/firefox" "-marionette" "-headless" "-foreground" "-no-remote" "-profile" "/tmp/rust_mozprofilecrC7VJ"
*** You are running in headless mode.
console.error: SearchCache: "_readCacheFile: Error reading cache file:" (new Error("", "(unknown module)"))
1601896293217	Marionette	INFO	Listening on port 45107
1601896293242	Marionette	WARN	TLS certificate errors will be ignored for this session
1601896349815	mozrunner::runner	INFO	Running command: "/usr/bin/firefox" "-marionette" "-headless" "-foreground" "-no-remote" "-profile" "/tmp/rust_mozprofilejv0t8v"
*** You are running in headless mode.
console.error: SearchCache: "_readCacheFile: Error reading cache file:" (new Error("", "(unknown module)"))
1601896352922	Marionette	INFO	Listening on port 44693
1601896353029	Marionette	WARN	TLS certificate errors will be ignored for this session
1601896401614	mozrunner::runner	INFO	Running command: "/usr/bin/firefox" "-marionette" "-headless" "-foreground" "-no-remote" "-profile" "/tmp/rust_mozprofileRWXr92"
*** You are running in headless mode.
console.error: SearchCache: "_readCacheFile: Error reading cache file:" (new Error("", "(unknown module)"))
1601896405339	Marionette	INFO	Listening on port 34517
1601896405428	Marionette	WARN	TLS certificate errors will be ignored for this session
1601896447531	mozrunner::runner	INFO	Running command: "/usr/bin/firefox" "-marionette" "-headless" "-foreground" "-no-remote" "-profile" "/tmp/rust_mozprofileX9CEtM"
*** You are running in headless mode.
console.error: SearchCache: "_readCacheFile: Error reading cache file:" (new Error("", "(unknown module)"))
1601896450786	Marionette	INFO	Listening on port 40657
1601896450840	Marionette	WARN	TLS certificate errors will be ignored for this session
1601896549956	mozrunner::runner	INFO	Running command: "/usr/bin/firefox" "-marionette" "-headless" "-foreground" "-no-remote" "-profile" "/tmp/rust_mozprofilecpqJjS"
*** You are running in headless mode.
console.error: SearchCache: "_readCacheFile: Error reading cache file:" (new Error("", "(unknown module)"))
1601896553249	Marionette	INFO	Listening on port 40473
1601896553264	Marionette	WARN	TLS certificate errors will be ignored for this session
1601896589094	mozrunner::runner	INFO	Running command: "/usr/bin/firefox" "-marionette" "-headless" "-foreground" "-no-remote" "-profile" "/tmp/rust_mozprofilemAe3x6"
*** You are running in headless mode.
console.error: SearchCache: "_readCacheFile: Error reading cache file:" (new Error("", "(unknown module)"))
1601896593916	Marionette	INFO	Listening on port 42921
1601896594004	Marionette	WARN	TLS certificate errors will be ignored for this session
1601896648071	mozrunner::runner	INFO	Running command: "/usr/bin/firefox" "-marionette" "-headless" "-foreground" "-no-remote" "-profile" "/tmp/rust_mozprofilekPyO59"
*** You are running in headless mode.
console.error: SearchCache: "_readCacheFile: Error reading cache file:" (new Error("", "(unknown module)"))
1601896651139	Marionette	INFO	Listening on port 46211
1601896651179	Marionette	WARN	TLS certificate errors will be ignored for this session
1601896703942	mozrunner::runner	INFO	Running command: "/usr/bin/firefox" "-marionette" "-headless" "-foreground" "-no-remote" "-profile" "/tmp/rust_mozprofileCKtffQ"
*** You are running in headless mode.
console.error: SearchCache: "_readCacheFile: Error reading cache file:" (new Error("", "(unknown module)"))
1601896707163	Marionette	INFO	Listening on port 40757
1601896707249	Marionette	WARN	TLS certificate errors will be ignored for this session
Exiting due to channel error.
Exiting due to channel error.
[GFX1-]: Receive IPC close with reason=AbnormalShutdown
[GFX1-]: Receive IPC close with reason=AbnormalShutdown
Exiting due to channel error.
Exiting due to channel error.
Exiting due to channel error.
Exiting due to channel error.
Exiting due to channel error.
[GFX1-]: Receive IPC close with reason=AbnormalShutdown
Exiting due to channel error.
Exiting due to channel error.
Exiting due to channel error.
[GFX1-]: Receive IPC close with reason=AbnormalShutdown
Exiting due to channel error.
[GFX1-]: Receive IPC close with reason=AbnormalShutdown
Exiting due to channel error.
[GFX1-]: Receive IPC close with reason=AbnormalShutdown
Exiting due to channel error.
Exiting due to channel error.
Exiting due to channel error.
Exiting due to channel error.
Exiting due to channel error.
Exiting due to channel error.
[GFX1-]: Receive IPC close with reason=AbnormalShutdown
Exiting due to channel error.
[GFX1-]: Receive IPC close with reason=AbnormalShutdown
Exiting due to channel error.
Exiting due to channel error.
Exiting due to channel error.
Exiting due to channel error.
Exiting due to channel error.
Exiting due to channel error.
[GFX1-]: Receive IPC close with reason=AbnormalShutdown
Exiting due to channel error.
[GFX1-]: Receive IPC close with reason=AbnormalShutdown
Exiting due to channel error.
Exiting due to channel error.
[GFX1-]: Receive IPC close with reason=AbnormalShutdown
Exiting due to channel error.
[GFX1-]: Receive IPC close with reason=AbnormalShutdown
Exiting due to channel error.
Exiting due to channel error.
Exiting due to channel error.
Exiting due to channel error.
Exiting due to channel error.
Exiting due to channel error.
Exiting due to channel error.
Exiting due to channel error.
Exiting due to channel error.
[GFX1-]: Receive IPC close with reason=AbnormalShutdown
Exiting due to channel error.
Exiting due to channel error.
[GFX1-]: Receive IPC close with reason=AbnormalShutdown
Exiting due to channel error.
Exiting due to channel error.
Exiting due to channel error.
Exiting due to channel error.
Exiting due to channel error.
[GFX1-]: Receive IPC close with reason=AbnormalShutdown
Exiting due to channel error.
[GFX1-]: Receive IPC close with reason=AbnormalShutdown
Exiting due to channel error.
[GFX1-]: Receive IPC close with reason=AbnormalShutdown
Exiting due to channel error.
Exiting due to channel error.
[GFX1-]: Receive IPC close with reason=AbnormalShutdown
Exiting due to channel error.
[GFX1-]: Receive IPC close with reason=AbnormalShutdown
Exiting due to channel error.
Exiting due to channel error.
Exiting due to channel error.
Exiting due to channel error.
Exiting due to channel error.
Exiting due to channel error.
Exiting due to channel error.
Exiting due to channel error.

###!!! [Child][MessageChannel] Error: (msgtype=0x3900E7,name=PContent::Msg_GraphicsError) Channel error: cannot send/recv

[GFX1-]: Receive IPC close with reason=AbnormalShutdown
1601900073547	mozrunner::runner	INFO	Running command: "/usr/bin/firefox" "-marionette" "-headless" "-foreground" "-no-remote" "-profile" "/tmp/rust_mozprofilewd0LN8"
*** You are running in headless mode.
console.error: SearchCache: "_readCacheFile: Error reading cache file:" (new Error("", "(unknown module)"))
1601900078631	Marionette	INFO	Listening on port 38995
1601900078705	Marionette	WARN	TLS certificate errors will be ignored for this session
1601900130145	mozrunner::runner	INFO	Running command: "/usr/bin/firefox" "-marionette" "-headless" "-foreground" "-no-remote" "-profile" "/tmp/rust_mozprofileuhBfKY"
*** You are running in headless mode.
console.error: SearchCache: "_readCacheFile: Error reading cache file:" (new Error("", "(unknown module)"))
1601900133435	Marionette	INFO	Listening on port 42345
1601900133458	Marionette	WARN	TLS certificate errors will be ignored for this session
1601900177875	mozrunner::runner	INFO	Running command: "/usr/bin/firefox" "-marionette" "-headless" "-foreground" "-no-remote" "-profile" "/tmp/rust_mozprofilee8Gvhh"
*** You are running in headless mode.
console.error: SearchCache: "_readCacheFile: Error reading cache file:" (new Error("", "(unknown module)"))
1601900182360	Marionette	INFO	Listening on port 44467
1601900182388	Marionette	WARN	TLS certificate errors will be ignored for this session
1601900322165	mozrunner::runner	INFO	Running command: "/usr/bin/firefox" "-marionette" "-headless" "-foreground" "-no-remote" "-profile" "/tmp/rust_mozprofilef4mT4A"
*** You are running in headless mode.
console.error: SearchCache: "_readCacheFile: Error reading cache file:" (new Error("", "(unknown module)"))
1601900325641	Marionette	INFO	Listening on port 38023
1601900325673	Marionette	WARN	TLS certificate errors will be ignored for this session
1601900387454	mozrunner::runner	INFO	Running command: "/usr/bin/firefox" "-marionette" "-headless" "-foreground" "-no-remote" "-profile" "/tmp/rust_mozprofileu9gEXd"
*** You are running in headless mode.
console.error: SearchCache: "_readCacheFile: Error reading cache file:" (new Error("", "(unknown module)"))
1601900392098	Marionette	INFO	Listening on port 43977
1601900392169	Marionette	WARN	TLS certificate errors will be ignored for this session
1601900429543	mozrunner::runner	INFO	Running command: "/usr/bin/firefox" "-marionette" "-headless" "-foreground" "-no-remote" "-profile" "/tmp/rust_mozprofilegn2k29"
*** You are running in headless mode.
console.error: SearchCache: "_readCacheFile: Error reading cache file:" (new Error("", "(unknown module)"))
1601900432915	Marionette	INFO	Listening on port 35897
1601900432953	Marionette	WARN	TLS certificate errors will be ignored for this session
1601900478702	mozrunner::runner	INFO	Running command: "/usr/bin/firefox" "-marionette" "-headless" "-foreground" "-no-remote" "-profile" "/tmp/rust_mozprofileXFpFhW"
*** You are running in headless mode.
console.error: SearchCache: "_readCacheFile: Error reading cache file:" (new Error("", "(unknown module)"))
1601900482180	Marionette	INFO	Listening on port 43561
1601900482215	Marionette	WARN	TLS certificate errors will be ignored for this session
1601900528373	mozrunner::runner	INFO	Running command: "/usr/bin/firefox" "-marionette" "-headless" "-foreground" "-no-remote" "-profile" "/tmp/rust_mozprofilepffJ4T"
*** You are running in headless mode.
console.error: SearchCache: "_readCacheFile: Error reading cache file:" (new Error("", "(unknown module)"))
1601900531574	Marionette	INFO	Listening on port 36973
1601900531581	Marionette	WARN	TLS certificate errors will be ignored for this session
1601900679226	mozrunner::runner	INFO	Running command: "/usr/bin/firefox" "-marionette" "-headless" "-foreground" "-no-remote" "-profile" "/tmp/rust_mozprofileBxCWln"
*** You are running in headless mode.
console.error: SearchCache: "_readCacheFile: Error reading cache file:" (new Error("", "(unknown module)"))
1601900682655	Marionette	INFO	Listening on port 35877
1601900682734	Marionette	WARN	TLS certificate errors will be ignored for this session
1601900721484	mozrunner::runner	INFO	Running command: "/usr/bin/firefox" "-marionette" "-headless" "-foreground" "-no-remote" "-profile" "/tmp/rust_mozprofileX2VhUd"
*** You are running in headless mode.
console.error: SearchCache: "_readCacheFile: Error reading cache file:" (new Error("", "(unknown module)"))
1601900724705	Marionette	INFO	Listening on port 34699
1601900724792	Marionette	WARN	TLS certificate errors will be ignored for this session
1601900769830	mozrunner::runner	INFO	Running command: "/usr/bin/firefox" "-marionette" "-headless" "-foreground" "-no-remote" "-profile" "/tmp/rust_mozprofileL105tf"
*** You are running in headless mode.
console.error: SearchCache: "_readCacheFile: Error reading cache file:" (new Error("", "(unknown module)"))
1601900773246	Marionette	INFO	Listening on port 32813
1601900773344	Marionette	WARN	TLS certificate errors will be ignored for this session
1601900819200	mozrunner::runner	INFO	Running command: "/usr/bin/firefox" "-marionette" "-headless" "-foreground" "-no-remote" "-profile" "/tmp/rust_mozprofileauJ7p7"
*** You are running in headless mode.
console.error: SearchCache: "_readCacheFile: Error reading cache file:" (new Error("", "(unknown module)"))
1601900822841	Marionette	INFO	Listening on port 39079
1601900822909	Marionette	WARN	TLS certificate errors will be ignored for this session
JavaScript error: https://projects.biotec.tu-dresden.de/plip-web/plip/result/9f5d9b84-9577-4273-92c2-90fdb728aaf5, line 484: TypeError: result.setup is not a function
1601900865185	mozrunner::runner	INFO	Running command: "/usr/bin/firefox" "-marionette" "-headless" "-foreground" "-no-remote" "-profile" "/tmp/rust_mozprofile0sAamp"
*** You are running in headless mode.
console.error: SearchCache: "_readCacheFile: Error reading cache file:" (new Error("", "(unknown module)"))
1601900868851	Marionette	INFO	Listening on port 35167
1601900868894	Marionette	WARN	TLS certificate errors will be ignored for this session
1601900929486	mozrunner::runner	INFO	Running command: "/usr/bin/firefox" "-marionette" "-headless" "-foreground" "-no-remote" "-profile" "/tmp/rust_mozprofileySip54"
*** You are running in headless mode.
console.error: SearchCache: "_readCacheFile: Error reading cache file:" (new Error("", "(unknown module)"))
1601900932915	Marionette	INFO	Listening on port 41905
1601900932995	Marionette	WARN	TLS certificate errors will be ignored for this session
1601900983041	mozrunner::runner	INFO	Running command: "/usr/bin/firefox" "-marionette" "-headless" "-foreground" "-no-remote" "-profile" "/tmp/rust_mozprofileB6Mf0L"
*** You are running in headless mode.
console.error: SearchCache: "_readCacheFile: Error reading cache file:" (new Error("", "(unknown module)"))
1601900986610	Marionette	INFO	Listening on port 38013
1601900986650	Marionette	WARN	TLS certificate errors will be ignored for this session
1601901022212	mozrunner::runner	INFO	Running command: "/usr/bin/firefox" "-marionette" "-headless" "-foreground" "-no-remote" "-profile" "/tmp/rust_mozprofileXCjHTj"
*** You are running in headless mode.
console.error: SearchCache: "_readCacheFile: Error reading cache file:" (new Error("", "(unknown module)"))
1601901025070	Marionette	INFO	Listening on port 44631
1601901025120	Marionette	WARN	TLS certificate errors will be ignored for this session
1601901128425	mozrunner::runner	INFO	Running command: "/usr/bin/firefox" "-marionette" "-headless" "-foreground" "-no-remote" "-profile" "/tmp/rust_mozprofilehGSEkV"
*** You are running in headless mode.
console.error: SearchCache: "_readCacheFile: Error reading cache file:" (new Error("", "(unknown module)"))
1601901131633	Marionette	INFO	Listening on port 38151
1601901131736	Marionette	WARN	TLS certificate errors will be ignored for this session
1601901168865	mozrunner::runner	INFO	Running command: "/usr/bin/firefox" "-marionette" "-headless" "-foreground" "-no-remote" "-profile" "/tmp/rust_mozprofilekYXcbV"
*** You are running in headless mode.
console.error: SearchCache: "_readCacheFile: Error reading cache file:" (new Error("", "(unknown module)"))
1601901172080	Marionette	INFO	Listening on port 32985
1601901172172	Marionette	WARN	TLS certificate errors will be ignored for this session
1601901229350	mozrunner::runner	INFO	Running command: "/usr/bin/firefox" "-marionette" "-headless" "-foreground" "-no-remote" "-profile" "/tmp/rust_mozprofileHwFVZv"
*** You are running in headless mode.
console.error: SearchCache: "_readCacheFile: Error reading cache file:" (new Error("", "(unknown module)"))
1601901232664	Marionette	INFO	Listening on port 36965
1601901232758	Marionette	WARN	TLS certificate errors will be ignored for this session
1601901274947	mozrunner::runner	INFO	Running command: "/usr/bin/firefox" "-marionette" "-headless" "-foreground" "-no-remote" "-profile" "/tmp/rust_mozprofile2umpjK"
*** You are running in headless mode.
console.error: SearchCache: "_readCacheFile: Error reading cache file:" (new Error("", "(unknown module)"))
1601901277885	Marionette	INFO	Listening on port 44181
1601901277956	Marionette	WARN	TLS certificate errors will be ignored for this session
Exiting due to channel error.
Exiting due to channel error.
[GFX1-]: Receive IPC close with reason=AbnormalShutdown
Exiting due to channel error.
Exiting due to channel error.
Exiting due to channel error.
[GFX1-]: Receive IPC close with reason=AbnormalShutdown
Exiting due to channel error.
Exiting due to channel error.
Exiting due to channel error.
Exiting due to channel error.
Exiting due to channel error.
Exiting due to channel error.
Exiting due to channel error.
Exiting due to channel error.
Exiting due to channel error.
[GFX1-]: Receive IPC close with reason=AbnormalShutdown
Exiting due to channel error.
Exiting due to channel error.
Exiting due to channel error.
[GFX1-]: Receive IPC close with reason=AbnormalShutdown
Exiting due to channel error.
Exiting due to channel error.
Exiting due to channel error.
Exiting due to channel error.
[GFX1-]: Receive IPC close with reason=AbnormalShutdown
Exiting due to channel error.
Exiting due to channel error.
Exiting due to channel error.
[GFX1-]: Receive IPC close with reason=AbnormalShutdown
Exiting due to channel error.
Exiting due to channel error.
Exiting due to channel error.
[GFX1-]: Receive IPC close with reason=AbnormalShutdown
Exiting due to channel error.
Exiting due to channel error.
Exiting due to channel error.
Exiting due to channel error.
[GFX1-]: Receive IPC close with reason=AbnormalShutdown
Exiting due to channel error.
[GFX1-]: Receive IPC close with reason=AbnormalShutdown
Exiting due to channel error.
Exiting due to channel error.
[GFX1-]: Receive IPC close with reason=AbnormalShutdown
Exiting due to channel error.
[GFX1-]: Receive IPC close with reason=AbnormalShutdown
Exiting due to channel error.
Exiting due to channel error.
[GFX1-]: Receive IPC close with reason=AbnormalShutdown
[GFX1-]: Receive IPC close with reason=AbnormalShutdown
Exiting due to channel error.
Exiting due to channel error.
Exiting due to channel error.
Exiting due to channel error.
Exiting due to channel error.
Exiting due to channel error.
[GFX1-]: Receive IPC close with reason=AbnormalShutdown
Exiting due to channel error.
Exiting due to channel error.
Exiting due to channel error.
Exiting due to channel error.
[GFX1-]: Receive IPC close with reason=AbnormalShutdown
Exiting due to channel error.
Exiting due to channel error.
Exiting due to channel error.
Exiting due to channel error.
Exiting due to channel error.
Exiting due to channel error.
[GFX1-]: Receive IPC close with reason=AbnormalShutdown
Exiting due to channel error.
Exiting due to channel error.
Exiting due to channel error.
Exiting due to channel error.
Exiting due to channel error.
Exiting due to channel error.
Exiting due to channel error.
1601914499690	mozrunner::runner	INFO	Running command: "/usr/bin/firefox" "-marionette" "-headless" "-foreground" "-no-remote" "-profile" "/tmp/rust_mozprofileU9Epu9"
*** You are running in headless mode.
console.error: SearchCache: "_readCacheFile: Error reading cache file:" (new Error("", "(unknown module)"))
1601914504543	Marionette	INFO	Listening on port 44271
1601914504601	Marionette	WARN	TLS certificate errors will be ignored for this session
1601914561386	mozrunner::runner	INFO	Running command: "/usr/bin/firefox" "-marionette" "-headless" "-foreground" "-no-remote" "-profile" "/tmp/rust_mozprofilexkWtRo"
*** You are running in headless mode.
console.error: SearchCache: "_readCacheFile: Error reading cache file:" (new Error("", "(unknown module)"))
1601914564703	Marionette	INFO	Listening on port 36869
1601914564797	Marionette	WARN	TLS certificate errors will be ignored for this session
1601914611238	mozrunner::runner	INFO	Running command: "/usr/bin/firefox" "-marionette" "-headless" "-foreground" "-no-remote" "-profile" "/tmp/rust_mozprofileXFbq2S"
*** You are running in headless mode.
console.error: SearchCache: "_readCacheFile: Error reading cache file:" (new Error("", "(unknown module)"))
1601914614479	Marionette	INFO	Listening on port 44111
1601914614549	Marionette	WARN	TLS certificate errors will be ignored for this session
1601914759677	mozrunner::runner	INFO	Running command: "/usr/bin/firefox" "-marionette" "-headless" "-foreground" "-no-remote" "-profile" "/tmp/rust_mozprofileQME9Pt"
*** You are running in headless mode.
console.error: SearchCache: "_readCacheFile: Error reading cache file:" (new Error("", "(unknown module)"))
1601914763008	Marionette	INFO	Listening on port 44499
1601914763086	Marionette	WARN	TLS certificate errors will be ignored for this session
1601914823540	mozrunner::runner	INFO	Running command: "/usr/bin/firefox" "-marionette" "-headless" "-foreground" "-no-remote" "-profile" "/tmp/rust_mozprofileLQ9SKi"
*** You are running in headless mode.
console.error: SearchCache: "_readCacheFile: Error reading cache file:" (new Error("", "(unknown module)"))
1601914826757	Marionette	INFO	Listening on port 39665
1601914826850	Marionette	WARN	TLS certificate errors will be ignored for this session
1601914870946	mozrunner::runner	INFO	Running command: "/usr/bin/firefox" "-marionette" "-headless" "-foreground" "-no-remote" "-profile" "/tmp/rust_mozprofileUQpTn7"
*** You are running in headless mode.
console.error: SearchCache: "_readCacheFile: Error reading cache file:" (new Error("", "(unknown module)"))
1601914874343	Marionette	INFO	Listening on port 39557
1601914874364	Marionette	WARN	TLS certificate errors will be ignored for this session
1601914913678	mozrunner::runner	INFO	Running command: "/usr/bin/firefox" "-marionette" "-headless" "-foreground" "-no-remote" "-profile" "/tmp/rust_mozprofileEqt22k"
*** You are running in headless mode.
console.error: SearchCache: "_readCacheFile: Error reading cache file:" (new Error("", "(unknown module)"))
1601914917248	Marionette	INFO	Listening on port 39113
1601914917286	Marionette	WARN	TLS certificate errors will be ignored for this session
1601914958460	mozrunner::runner	INFO	Running command: "/usr/bin/firefox" "-marionette" "-headless" "-foreground" "-no-remote" "-profile" "/tmp/rust_mozprofilenRkM9M"
*** You are running in headless mode.
console.error: SearchCache: "_readCacheFile: Error reading cache file:" (new Error("", "(unknown module)"))
1601914962664	Marionette	INFO	Listening on port 36609
1601914962680	Marionette	WARN	TLS certificate errors will be ignored for this session
1601915112652	mozrunner::runner	INFO	Running command: "/usr/bin/firefox" "-marionette" "-headless" "-foreground" "-no-remote" "-profile" "/tmp/rust_mozprofileYqBC0i"
*** You are running in headless mode.
console.error: SearchCache: "_readCacheFile: Error reading cache file:" (new Error("", "(unknown module)"))
1601915115950	Marionette	INFO	Listening on port 38961
1601915115961	Marionette	WARN	TLS certificate errors will be ignored for this session
1601915155923	mozrunner::runner	INFO	Running command: "/usr/bin/firefox" "-marionette" "-headless" "-foreground" "-no-remote" "-profile" "/tmp/rust_mozprofileaQhMlF"
*** You are running in headless mode.
console.error: SearchCache: "_readCacheFile: Error reading cache file:" (new Error("", "(unknown module)"))
1601915159110	Marionette	INFO	Listening on port 36997
1601915159133	Marionette	WARN	TLS certificate errors will be ignored for this session
1601915203414	mozrunner::runner	INFO	Running command: "/usr/bin/firefox" "-marionette" "-headless" "-foreground" "-no-remote" "-profile" "/tmp/rust_mozprofileX2hIKW"
*** You are running in headless mode.
console.error: SearchCache: "_readCacheFile: Error reading cache file:" (new Error("", "(unknown module)"))
1601915206440	Marionette	INFO	Listening on port 39465
1601915206521	Marionette	WARN	TLS certificate errors will be ignored for this session
1601915248849	mozrunner::runner	INFO	Running command: "/usr/bin/firefox" "-marionette" "-headless" "-foreground" "-no-remote" "-profile" "/tmp/rust_mozprofileU6o2Dn"
*** You are running in headless mode.
console.error: SearchCache: "_readCacheFile: Error reading cache file:" (new Error("", "(unknown module)"))
1601915251998	Marionette	INFO	Listening on port 41469
1601915252069	Marionette	WARN	TLS certificate errors will be ignored for this session
1601915295472	mozrunner::runner	INFO	Running command: "/usr/bin/firefox" "-marionette" "-headless" "-foreground" "-no-remote" "-profile" "/tmp/rust_mozprofileVo3byW"
*** You are running in headless mode.
console.error: SearchCache: "_readCacheFile: Error reading cache file:" (new Error("", "(unknown module)"))
1601915298298	Marionette	INFO	Listening on port 37049
1601915298378	Marionette	WARN	TLS certificate errors will be ignored for this session
1601915356511	mozrunner::runner	INFO	Running command: "/usr/bin/firefox" "-marionette" "-headless" "-foreground" "-no-remote" "-profile" "/tmp/rust_mozprofile91YMA8"
*** You are running in headless mode.
console.error: SearchCache: "_readCacheFile: Error reading cache file:" (new Error("", "(unknown module)"))
1601915360956	Marionette	INFO	Listening on port 40621
1601915361021	Marionette	WARN	TLS certificate errors will be ignored for this session
1601915412468	mozrunner::runner	INFO	Running command: "/usr/bin/firefox" "-marionette" "-headless" "-foreground" "-no-remote" "-profile" "/tmp/rust_mozprofilezWgqK6"
*** You are running in headless mode.
console.error: SearchCache: "_readCacheFile: Error reading cache file:" (new Error("", "(unknown module)"))
1601915415638	Marionette	INFO	Listening on port 33619
1601915415676	Marionette	WARN	TLS certificate errors will be ignored for this session
1601915459362	mozrunner::runner	INFO	Running command: "/usr/bin/firefox" "-marionette" "-headless" "-foreground" "-no-remote" "-profile" "/tmp/rust_mozprofile2gOCYx"
*** You are running in headless mode.
console.error: SearchCache: "_readCacheFile: Error reading cache file:" (new Error("", "(unknown module)"))
1601915462600	Marionette	INFO	Listening on port 39205
1601915462674	Marionette	WARN	TLS certificate errors will be ignored for this session
1601915563470	mozrunner::runner	INFO	Running command: "/usr/bin/firefox" "-marionette" "-headless" "-foreground" "-no-remote" "-profile" "/tmp/rust_mozprofileCC6jKx"
*** You are running in headless mode.
console.error: SearchCache: "_readCacheFile: Error reading cache file:" (new Error("", "(unknown module)"))
1601915566229	Marionette	INFO	Listening on port 39449
1601915566349	Marionette	WARN	TLS certificate errors will be ignored for this session
1601915603098	mozrunner::runner	INFO	Running command: "/usr/bin/firefox" "-marionette" "-headless" "-foreground" "-no-remote" "-profile" "/tmp/rust_mozprofileqwE4Hg"
*** You are running in headless mode.
console.error: SearchCache: "_readCacheFile: Error reading cache file:" (new Error("", "(unknown module)"))
1601915607083	Marionette	INFO	Listening on port 33115
1601915607108	Marionette	WARN	TLS certificate errors will be ignored for this session
1601915662215	mozrunner::runner	INFO	Running command: "/usr/bin/firefox" "-marionette" "-headless" "-foreground" "-no-remote" "-profile" "/tmp/rust_mozprofileRXyeUo"
*** You are running in headless mode.
console.error: SearchCache: "_readCacheFile: Error reading cache file:" (new Error("", "(unknown module)"))
1601915665280	Marionette	INFO	Listening on port 37519
1601915665327	Marionette	WARN	TLS certificate errors will be ignored for this session
1601915717374	mozrunner::runner	INFO	Running command: "/usr/bin/firefox" "-marionette" "-headless" "-foreground" "-no-remote" "-profile" "/tmp/rust_mozprofileoWKQUy"
*** You are running in headless mode.
console.error: SearchCache: "_readCacheFile: Error reading cache file:" (new Error("", "(unknown module)"))
1601915720640	Marionette	INFO	Listening on port 33569
1601915720682	Marionette	WARN	TLS certificate errors will be ignored for this session
1601915801440	mozrunner::runner	INFO	Running command: "/usr/bin/firefox" "-marionette" "-headless" "-foreground" "-no-remote" "-profile" "/tmp/rust_mozprofileVlMKhD"
*** You are running in headless mode.
console.error: SearchCache: "_readCacheFile: Error reading cache file:" (new Error("", "(unknown module)"))
1601915804256	Marionette	INFO	Listening on port 35835
1601915804349	Marionette	WARN	TLS certificate errors will be ignored for this session
1601915864078	mozrunner::runner	INFO	Running command: "/usr/bin/firefox" "-marionette" "-headless" "-foreground" "-no-remote" "-profile" "/tmp/rust_mozprofileDLeC6c"
*** You are running in headless mode.
console.error: SearchCache: "_readCacheFile: Error reading cache file:" (new Error("", "(unknown module)"))
1601915866707	Marionette	INFO	Listening on port 44421
1601915866798	Marionette	WARN	TLS certificate errors will be ignored for this session
1601915908427	mozrunner::runner	INFO	Running command: "/usr/bin/firefox" "-marionette" "-headless" "-foreground" "-no-remote" "-profile" "/tmp/rust_mozprofile9OSE07"
*** You are running in headless mode.
console.error: SearchCache: "_readCacheFile: Error reading cache file:" (new Error("", "(unknown module)"))
1601915911297	Marionette	INFO	Listening on port 45657
1601915911335	Marionette	WARN	TLS certificate errors will be ignored for this session
